<?xml version="1.0" encoding="UTF-8"?>
<!-- Generated by org.testng.reporters.JUnitReportReporter -->
<testsuite hostname="Users-Air.attlocal.net" failures="0" tests="3" name="Scvp_Test_Scenarios" time="5.289" errors="0" timestamp="2020-08-31T21:06:44 EDT" skipped="0">
  <testcase classname="Scvp_Test_Scenarios" name="user_login_scenario" time="0.873"/>
  <system-out/>
  <testcase classname="Scvp_Test_Scenarios" name="check_Doc_Repository_Fields" time="1.549"/>
  <system-out/>
  <testcase classname="Scvp_Test_Scenarios" name="user_sign_out" time="2.867"/>
  <system-out/>
</testsuite> <!-- Scvp_Test_Scenarios -->
